<?xml version="1.0" encoding="UTF-8"?>
<testng-results ignored="0" total="3" passed="3" failed="0" skipped="0">
  <reporter-output>
  </reporter-output>
  <suite started-at="2025-05-28T15:19:27 ART" name="Surefire suite" finished-at="2025-05-28T15:19:28 ART" duration-ms="1291">
    <groups>
    </groups>
    <test started-at="2025-05-28T15:19:27 ART" name="Surefire test" finished-at="2025-05-28T15:19:28 ART" duration-ms="1291">
      <class name="api.test.OtherUserTests">
        <test-method signature="getOneUserByID()" started-at="2025-05-28T15:19:27 ART" name="getOneUserByID" finished-at="2025-05-28T15:19:28 ART" duration-ms="1084" status="PASS">
          <reporter-output>
          </reporter-output>
        </test-method> <!-- getOneUserByID -->
        <test-method signature="getAllUserNames()" started-at="2025-05-28T15:19:27 ART" name="getAllUserNames" finished-at="2025-05-28T15:19:28 ART" duration-ms="542" status="PASS">
          <reporter-output>
          </reporter-output>
        </test-method> <!-- getAllUserNames -->
        <test-method signature="getAllUsers()" started-at="2025-05-28T15:19:27 ART" name="getAllUsers" finished-at="2025-05-28T15:19:28 ART" duration-ms="1265" status="PASS">
          <reporter-output>
          </reporter-output>
        </test-method> <!-- getAllUsers -->
      </class> <!-- api.test.OtherUserTests -->
    </test> <!-- Surefire test -->
  </suite> <!-- Surefire suite -->
</testng-results>
