<?xml version="1.0" encoding="UTF-8"?>
<testsuite xmlns:xsi="http://www.w3.org/2001/XMLSchema-instance" xsi:noNamespaceSchemaLocation="https://maven.apache.org/surefire/maven-surefire-plugin/xsd/surefire-test-report-3.0.xsd" version="3.0" name="api.test.UserTests" time="1.612" tests="1" errors="0" skipped="0" failures="0">
  <properties>
[...]
</properties>
  <testcase name="testGetAllUsers" classname="api.test.UserTests" time="1.248">
    <system-out><![CDATA[HTTP/1.1 200 OK
Date: Tue, 27 May 2025 11:06:57 GMT
Content-Type: application/json; charset=utf-8
Transfer-Encoding: chunked
Connection: keep-alive
Cf-Ray: 94650bbf9e102031-EZE
Server: cloudflare
Content-Encoding: gzip
Report-To: {"group":"heroku-nel","max_age":3600,"endpoints":[{"url":"https://nel.heroku.com/reports?ts=1748259658&sid=c4c9725f-1ab0-44d8-820f-430df2718e11&s=9DPTXsdXZLN6ViUC336AnZZELRa18rsfhrj2By38hVk%3D"}]}
Reporting-Endpoints: heroku-nel=https://nel.heroku.com/reports?ts=1748259658&sid=c4c9725f-1ab0-44d8-820f-430df2718e11&s=9DPTXsdXZLN6ViUC336AnZZELRa18rsfhrj2By38hVk%3D
Nel: {"report_to":"heroku-nel","max_age":3600,"success_fraction":0.005,"failure_fraction":0.05,"response_headers":["Via"]}
X-Powered-By: Express
Access-Control-Allow-Origin: *
Ratelimit-Policy: 100;w=60
Ratelimit-Limit: 100
Ratelimit-Remaining: 98
Ratelimit-Reset: 60
Etag: W/"440-ZjsmMKR8P3usr2uJZbOCGCxC3Uw"
Via: 1.1 vegur
Cache-Control: max-age=14400
Cf-Cache-Status: HIT
Age: 1837
Vary: Accept-Encoding
server-timing: cfL4;desc="?proto=TCP&rtt=15164&min_rtt=13712&rtt_var=6179&sent=7&recv=7&lost=0&retrans=0&sent_bytes=3109&recv_bytes=751&delivery_rate=308926&cwnd=169&unsent_bytes=0&cid=d513d5c4d0232215&ts=116&x=0"

{
    "page": 2,
    "per_page": 6,
    "total": 12,
    "total_pages": 2,
    "data": [
        {
            "id": 7,
            "email": "michael.lawson@reqres.in",
            "first_name": "Michael",
            "last_name": "Lawson",
            "avatar": "https://reqres.in/img/faces/7-image.jpg"
        },
        {
            "id": 8,
            "email": "lindsay.ferguson@reqres.in",
            "first_name": "Lindsay",
            "last_name": "Ferguson",
            "avatar": "https://reqres.in/img/faces/8-image.jpg"
        },
        {
            "id": 9,
            "email": "tobias.funke@reqres.in",
            "first_name": "Tobias",
            "last_name": "Funke",
            "avatar": "https://reqres.in/img/faces/9-image.jpg"
        },
        {
            "id": 10,
            "email": "byron.fields@reqres.in",
            "first_name": "Byron",
            "last_name": "Fields",
            "avatar": "https://reqres.in/img/faces/10-image.jpg"
        },
        {
            "id": 11,
            "email": "george.edwards@reqres.in",
            "first_name": "George",
            "last_name": "Edwards",
            "avatar": "https://reqres.in/img/faces/11-image.jpg"
        },
        {
            "id": 12,
            "email": "rachel.howell@reqres.in",
            "first_name": "Rachel",
            "last_name": "Howell",
            "avatar": "https://reqres.in/img/faces/12-image.jpg"
        }
    ],
    "support": {
        "url": "https://contentcaddy.io?utm_source=reqres&utm_medium=json&utm_campaign=referral",
        "text": "Tired of writing endless social media content? Let Content Caddy generate it for you."
    }
}
]]></system-out>
    <system-err><![CDATA[SLF4J: Failed to load class "org.slf4j.impl.StaticLoggerBinder".
SLF4J: Defaulting to no-operation (NOP) logger implementation
SLF4J: See http://www.slf4j.org/codes.html#StaticLoggerBinder for further details.
]]></system-err>
  </testcase>
</testsuite>