<?xml version="1.0" encoding="UTF-8"?>
<testng-results ignored="0" total="1" passed="1" failed="0" skipped="0">
  <reporter-output>
  </reporter-output>
  <suite started-at="2025-05-27T08:06:57 ART" name="Surefire suite" finished-at="2025-05-27T08:06:58 ART" duration-ms="1268">
    <groups>
    </groups>
    <test started-at="2025-05-27T08:06:57 ART" name="Surefire test" finished-at="2025-05-27T08:06:58 ART" duration-ms="1268">
      <class name="api.test.UserTests">
        <test-method signature="testGetAllUsers()[pri:1, instance:api.test.UserTests@2fd6b6c7]" started-at="2025-05-27T08:06:57 ART" name="testGetAllUsers" finished-at="2025-05-27T08:06:58 ART" duration-ms="1244" status="PASS">
          <reporter-output>
          </reporter-output>
        </test-method> <!-- testGetAllUsers -->
      </class> <!-- api.test.UserTests -->
    </test> <!-- Surefire test -->
  </suite> <!-- Surefire suite -->
</testng-results>
