<?xml version="1.0" encoding="UTF-8"?>
<!-- Generated by org.testng.reporters.JUnitXMLReporter -->
<testsuite ignored="0" hostname="CeciNote" failures="0" tests="3" name="Surefire test" time="1.291" errors="0" timestamp="2025-05-28T15:19:28 ART">
  <testcase classname="api.test.OtherUserTests" name="getAllUserNames on getAllUserNames(api.test.OtherUserTests)" time="0.542"/>
  <testcase classname="api.test.OtherUserTests" name="getOneUserByID on getOneUserByID(api.test.OtherUserTests)" time="1.084"/>
  <testcase classname="api.test.OtherUserTests" name="getAllUsers on getAllUsers(api.test.OtherUserTests)" time="1.265"/>
</testsuite> <!-- Surefire test -->
